Build started 10/18/2013 2:30:59 PM.
     1>Project "C:\Users\Hatch\Documents\GitHub\Insurgency\Insurgency\Insurgency.vcxproj" on node 2 (build target(s)).
     1>InitializeBuildStatus:
         Creating "Debug Fast\Insurgency.unsuccessfulbuild" because "AlwaysCreate" was specified.
       ClCompile:
         All outputs are up-to-date.
         c:\Program Files (x86)\Microsoft Visual Studio 10.0\VC\bin\CL.exe /c /I"C:\Users\Hatch\Documents\GitHub\Insurgency\Insurgency\\SFML-Template\include" /Zi /nologo /W4 /WX- /Od /Ob1 /Oy- /D WIN32 /D _DEBUG /D _CONSOLE /D _UNICODE /D UNICODE /Gm /EHsc /RTC1 /MDd /GS /fp:precise /Zc:wchar_t /Zc:forScope /Yc"StdAfx.h" /Fp"Debug Fast\Insurgency.pch" /Fo"Debug Fast\\" /Fd"Debug Fast\vc100.pdb" /Gd /TP /wd4100 /wd4127 /analyze- /errorReport:prompt stdafx.cpp
         stdafx.cpp
         c:\Program Files (x86)\Microsoft Visual Studio 10.0\VC\bin\CL.exe /c /I"C:\Users\Hatch\Documents\GitHub\Insurgency\Insurgency\\SFML-Template\include" /Zi /nologo /W4 /WX- /Od /Ob1 /Oy- /D WIN32 /D _DEBUG /D _CONSOLE /D _UNICODE /D UNICODE /Gm /EHsc /RTC1 /MDd /GS /fp:precise /Zc:wchar_t /Zc:forScope /Yu"StdAfx.h" /Fp"Debug Fast\Insurgency.pch" /Fo"Debug Fast\\" /Fd"Debug Fast\vc100.pdb" /Gd /TP /wd4100 /wd4127 /analyze- /errorReport:prompt Creature.cpp CreatureStatEffect.cpp CreatureType.cpp CreatureTypeDef.cpp CreatureTypeDefXML.cpp EntityComponent.cpp EntityComponentFactory.cpp EquipSlotsComponent.cpp GameEntity.cpp GameEntityActions.cpp GameEntityEquipGroups.cpp GameEntityType.cpp GameItem.cpp GameItemType.cpp GameItemTypeDef.cpp GameItemTypeDefXML.cpp GameState_InsurgencyEntityActions.cpp GameState_InsurgencyGame.cpp GameState_CreatureMenu.cpp GameTurnTimer.cpp GameWorld.cpp Insurgency.cpp InventoryComponent.cpp pugixml.cpp RangedWeaponComponent.cpp "SFML-Template\AnimatedSprite.cpp" "SFML-Template\FontManager.cpp" "SFML-Template\GameStateBase.cpp" "SFML-Template\ImageManager.cpp" "SFML-Template\SFMLButton.cpp" "SFML-Template\SFMLEvent.cpp" "SFML-Template\SFMLGUIElement.cpp" "SFML-Template\SoundManager.cpp" "SFML-Template\SpriteManager.cpp" "SFML-Template\TextureManager.cpp" SFMLApp.cpp SFMLApp_OnCleanup.cpp SFMLApp_OnEvent.cpp SFMLApp_OnInit.cpp SFMLApp_OnRender.cpp SFMLApp_OnUpdate.cpp SFMLCursesChar.cpp SFMLCursesCharManager.cpp SFMLCursesTextBox.cpp SFMLUIMenu.cpp SFMLUIMenu_Creature.cpp UIMenu_Creature.cpp UIMenuList_Entities.cpp UIMenu.cpp UIMenuList.cpp UIMenuOption.cpp SFMLCursesWindow.cpp SFMLGameWorldWindow.cpp SFMLWorldItemsWindow.cpp WorldRegion.cpp WorldTile.cpp WorldTileType.cpp WorldTileTypeDef.cpp
         WorldTileTypeDef.cpp
         WorldTileType.cpp
         WorldTile.cpp
         WorldRegion.cpp
         SFMLWorldItemsWindow.cpp
         SFMLGameWorldWindow.cpp
         SFMLCursesWindow.cpp
         UIMenuOption.cpp
         UIMenuList.cpp
         UIMenu.cpp
         UIMenuList_Entities.cpp
         UIMenu_Creature.cpp
         SFMLUIMenu_Creature.cpp
         SFMLUIMenu.cpp
         SFMLCursesTextBox.cpp
         SFMLCursesCharManager.cpp
         SFMLCursesChar.cpp
         SFMLApp_OnUpdate.cpp
         SFMLApp_OnRender.cpp
         SFMLApp_OnInit.cpp
         Generating Code...
         Compiling...
         SFMLApp_OnEvent.cpp
         SFMLApp_OnCleanup.cpp
         SFMLApp.cpp
         TextureManager.cpp
         SpriteManager.cpp
         SoundManager.cpp
         SFMLGUIElement.cpp
         SFMLEvent.cpp
         SFMLButton.cpp
         ImageManager.cpp
         GameStateBase.cpp
         FontManager.cpp
         AnimatedSprite.cpp
         RangedWeaponComponent.cpp
         pugixml.cpp
         InventoryComponent.cpp
         Insurgency.cpp
         GameWorld.cpp
         GameTurnTimer.cpp
         GameState_CreatureMenu.cpp
         Generating Code...
         Compiling...
         GameState_InsurgencyGame.cpp
         GameState_InsurgencyEntityActions.cpp
         GameItemTypeDefXML.cpp
         GameItemTypeDef.cpp
         GameItemType.cpp
         GameItem.cpp
         GameEntityType.cpp
         GameEntityEquipGroups.cpp
         GameEntityActions.cpp
         GameEntity.cpp
         EquipSlotsComponent.cpp
         EntityComponentFactory.cpp
         EntityComponent.cpp
         CreatureTypeDefXML.cpp
         CreatureTypeDef.cpp
         CreatureType.cpp
         CreatureStatEffect.cpp
         Creature.cpp
         Generating Code...
       ManifestResourceCompile:
         All outputs are up-to-date.
       Link:
         c:\Program Files (x86)\Microsoft Visual Studio 10.0\VC\bin\link.exe /ERRORREPORT:PROMPT /OUT:"C:\Users\Hatch\Documents\GitHub\Insurgency\Debug Fast\Insurgency.exe" /INCREMENTAL /NOLOGO "C:\Users\Hatch\Documents\GitHub\Insurgency\Insurgency\\SFML-Template\lib\sfml-audio-d.lib" "C:\Users\Hatch\Documents\GitHub\Insurgency\Insurgency\\SFML-Template\lib\sfml-graphics-d.lib" "C:\Users\Hatch\Documents\GitHub\Insurgency\Insurgency\\SFML-Template\lib\sfml-main-d.lib" "C:\Users\Hatch\Documents\GitHub\Insurgency\Insurgency\\SFML-Template\lib\sfml-network-d.lib" "C:\Users\Hatch\Documents\GitHub\Insurgency\Insurgency\\SFML-Template\lib\sfml-system-d.lib" "C:\Users\Hatch\Documents\GitHub\Insurgency\Insurgency\\SFML-Template\lib\sfml-window-d.lib" kernel32.lib user32.lib gdi32.lib winspool.lib comdlg32.lib advapi32.lib shell32.lib ole32.lib oleaut32.lib uuid.lib odbc32.lib odbccp32.lib opengl32.lib /MANIFEST /ManifestFile:"Debug Fast\Insurgency.exe.intermediate.manifest" /MANIFESTUAC:"level='asInvoker' uiAccess='false'" /DEBUG /PDB:"C:\Users\Hatch\Documents\GitHub\Insurgency\Debug Fast\Insurgency.pdb" /SUBSYSTEM:CONSOLE /TLBID:1 /DYNAMICBASE /NXCOMPAT /IMPLIB:"C:\Users\Hatch\Documents\GitHub\Insurgency\Debug Fast\Insurgency.lib" /MACHINE:X86 "Debug Fast\Insurgency.exe.embed.manifest.res"
         "Debug Fast\Creature.obj"
         "Debug Fast\CreatureStatEffect.obj"
         "Debug Fast\CreatureType.obj"
         "Debug Fast\CreatureTypeDef.obj"
         "Debug Fast\CreatureTypeDefXML.obj"
         "Debug Fast\EntityComponent.obj"
         "Debug Fast\EntityComponentFactory.obj"
         "Debug Fast\EquipSlotsComponent.obj"
         "Debug Fast\GameEntity.obj"
         "Debug Fast\GameEntityActions.obj"
         "Debug Fast\GameEntityEquipGroups.obj"
         "Debug Fast\GameEntityType.obj"
         "Debug Fast\GameItem.obj"
         "Debug Fast\GameItemType.obj"
         "Debug Fast\GameItemTypeDef.obj"
         "Debug Fast\GameItemTypeDefXML.obj"
         "Debug Fast\GameState_InsurgencyEntityActions.obj"
         "Debug Fast\GameState_InsurgencyGame.obj"
         "Debug Fast\GameState_CreatureMenu.obj"
         "Debug Fast\GameTurnTimer.obj"
         "Debug Fast\GameWorld.obj"
         "Debug Fast\Insurgency.obj"
         "Debug Fast\InventoryComponent.obj"
         "Debug Fast\pugixml.obj"
         "Debug Fast\RangedWeaponComponent.obj"
         "Debug Fast\AnimatedSprite.obj"
         "Debug Fast\FontManager.obj"
         "Debug Fast\GameStateBase.obj"
         "Debug Fast\ImageManager.obj"
         "Debug Fast\SFMLButton.obj"
         "Debug Fast\SFMLEvent.obj"
         "Debug Fast\SFMLGUIElement.obj"
         "Debug Fast\SoundManager.obj"
         "Debug Fast\SpriteManager.obj"
         "Debug Fast\TextureManager.obj"
         "Debug Fast\SFMLApp.obj"
         "Debug Fast\SFMLApp_OnCleanup.obj"
         "Debug Fast\SFMLApp_OnEvent.obj"
         "Debug Fast\SFMLApp_OnInit.obj"
         "Debug Fast\SFMLApp_OnRender.obj"
         "Debug Fast\SFMLApp_OnUpdate.obj"
         "Debug Fast\SFMLCursesChar.obj"
         "Debug Fast\SFMLCursesCharManager.obj"
         "Debug Fast\SFMLCursesTextBox.obj"
         "Debug Fast\SFMLUIMenu.obj"
         "Debug Fast\SFMLUIMenu_Creature.obj"
         "Debug Fast\UIMenu_Creature.obj"
         "Debug Fast\UIMenuList_Entities.obj"
         "Debug Fast\UIMenu.obj"
         "Debug Fast\UIMenuList.obj"
         "Debug Fast\UIMenuOption.obj"
         "Debug Fast\SFMLCursesWindow.obj"
         "Debug Fast\SFMLGameWorldWindow.obj"
         "Debug Fast\SFMLWorldItemsWindow.obj"
         "Debug Fast\stdafx.obj"
         "Debug Fast\WorldRegion.obj"
         "Debug Fast\WorldTile.obj"
         "Debug Fast\WorldTileType.obj"
         "Debug Fast\WorldTileTypeDef.obj"
       Manifest:
         C:\Program Files (x86)\Microsoft SDKs\Windows\v7.0A\bin\mt.exe /nologo /verbose /out:"Debug Fast\Insurgency.exe.embed.manifest" /manifest "Debug Fast\Insurgency.exe.intermediate.manifest"
         All outputs are up-to-date.
       LinkEmbedManifest:
         All outputs are up-to-date.
         Insurgency.vcxproj -> C:\Users\Hatch\Documents\GitHub\Insurgency\Debug Fast\Insurgency.exe
       FinalizeBuildStatus:
         Deleting file "Debug Fast\Insurgency.unsuccessfulbuild".
         Touching "Debug Fast\Insurgency.lastbuildstate".
     1>Done Building Project "C:\Users\Hatch\Documents\GitHub\Insurgency\Insurgency\Insurgency.vcxproj" (build target(s)).

Build succeeded.

Time Elapsed 00:01:08.43
